{"name": "test_example_com", "status": "failed", "statusDetails": {"message": "AssertionError: Title does not match expected value\nassert 'Example Domain' == 'Nonexistent Title'\n  - Nonexistent Title\n  + Example Domain", "trace": "page = <Page url='https://example.com/'>\n\n    def test_example_com(page):\n        page.goto(\"https://example.com\")\n>       assert page.title() == \"Nonexistent Title\", \"Title does not match expected value\"\nE       AssertionError: Title does not match expected value\nE       assert 'Example Domain' == 'Nonexistent Title'\nE         - Nonexistent Title\nE         + Example Domain\n\ntest_fail.py:18: AssertionError"}, "start": 1702618709442, "stop": 1702618710663, "uuid": "5ca583fc-55e3-4507-bcad-4aff99fa8b55", "historyId": "c148c5e28ecd9424b047bc00242c0cec", "testCaseId": "c148c5e28ecd9424b047bc00242c0cec", "fullName": "code.screenshot_fail.test_fail#test_example_com", "labels": [{"name": "parentSuite", "value": "code.screenshot_fail"}, {"name": "suite", "value": "test_fail"}, {"name": "host", "value": "MBP-C02DRR20MD6M"}, {"name": "thread", "value": "14665-MainThread"}, {"name": "framework", "value": "pytest"}, {"name": "language", "value": "cpython3"}, {"name": "package", "value": "code.screenshot_fail.test_fail"}]}