{"name": "test_example_com", "status": "failed", "statusDetails": {"message": "AssertionError: Title does not match expected value\nassert 'TheTestingAcademy | Learn Software Testing and Automation Testing' == 'Nonexistent Title'\n  - Nonexistent Title\n  + TheTestingAcademy | Learn Software Testing and Automation Testing", "trace": "page = <Page url='https://thetestingacademy.com/'>\n\n    def test_example_com(page):\n        page.goto(\"https://www.thetestingacademy.com/\")\n>       assert page.title() == \"Nonexistent Title\", \"Title does not match expected value\"\nE       AssertionError: Title does not match expected value\nE       assert 'TheTestingAcademy | Learn Software Testing and Automation Testing' == 'Nonexistent Title'\nE         - Nonexistent Title\nE         + TheTestingAcademy | Learn Software Testing and Automation Testing\n\ntest_fail.py:37: AssertionError"}, "start": 1702617836962, "stop": 1702617843055, "uuid": "7f017a62-da89-4e55-b751-defc2dee1a78", "historyId": "c148c5e28ecd9424b047bc00242c0cec", "testCaseId": "c148c5e28ecd9424b047bc00242c0cec", "fullName": "code.screenshot_fail.test_fail#test_example_com", "labels": [{"name": "parentSuite", "value": "code.screenshot_fail"}, {"name": "suite", "value": "test_fail"}, {"name": "host", "value": "MBP-C02DRR20MD6M"}, {"name": "thread", "value": "13290-MainThread"}, {"name": "framework", "value": "pytest"}, {"name": "language", "value": "cpython3"}, {"name": "package", "value": "code.screenshot_fail.test_fail"}]}