{"name": "test_main_navigation[chromium]", "status": "failed", "statusDetails": {"message": "AssertionError: Page URL expected to be 'https://the-internet.herokuapp.com/download'\nActual value: https://awesomeqa.com/practice.html \nCall log:\nPageAssertions.to_have_url with timeout 5000ms\nwaiting for locator(\":root\")\n  locator resolved to <html>…</html>\n  unexpected value \"https://awesomeqa.com/practice.html\"\n  locator resolved to <html>…</html>\n  unexpected value \"https://awesomeqa.com/practice.html\"\n  locator resolved to <html>…</html>\n  unexpected value \"https://awesomeqa.com/practice.html\"\n  locator resolved to <html>…</html>\n  unexpected value \"https://awesomeqa.com/practice.html\"\n  locator resolved to <html>…</html>\n  unexpected value \"https://awesomeqa.com/practice.html\"\n  locator resolved to <html>…</html>\n  unexpected value \"https://awesomeqa.com/practice.html\"\n  locator resolved to <html>…</html>\n  unexpected value \"https://awesomeqa.com/practice.html\"\n  locator resolved to <html>…</html>\n  unexpected value \"https://awesomeqa.com/practice.html\"\n  locator resolved to <html>…</html>\n  unexpected value \"https://awesomeqa.com/practice.html\"", "trace": "page = <Page url='https://awesomeqa.com/practice.html'>\n\n    def test_main_navigation(page: Page):\n        # Assertions use the expect API.\n>       expect(page).to_have_url(\"https://the-internet.herokuapp.com/download\")\nE       AssertionError: Page URL expected to be 'https://the-internet.herokuapp.com/download'\nE       Actual value: https://awesomeqa.com/practice.html \nE       Call log:\nE       PageAssertions.to_have_url with timeout 5000ms\nE       waiting for locator(\":root\")\nE         locator resolved to <html>…</html>\nE         unexpected value \"https://awesomeqa.com/practice.html\"\nE         locator resolved to <html>…</html>\nE         unexpected value \"https://awesomeqa.com/practice.html\"\nE         locator resolved to <html>…</html>\nE         unexpected value \"https://awesomeqa.com/practice.html\"\nE         locator resolved to <html>…</html>\nE         unexpected value \"https://awesomeqa.com/practice.html\"\nE         locator resolved to <html>…</html>\nE         unexpected value \"https://awesomeqa.com/practice.html\"\nE         locator resolved to <html>…</html>\nE         unexpected value \"https://awesomeqa.com/practice.html\"\nE         locator resolved to <html>…</html>\nE         unexpected value \"https://awesomeqa.com/practice.html\"\nE         locator resolved to <html>…</html>\nE         unexpected value \"https://awesomeqa.com/practice.html\"\nE         locator resolved to <html>…</html>\nE         unexpected value \"https://awesomeqa.com/practice.html\"\n\nFileDownload03.py:15: AssertionError"}, "attachments": [{"name": "stdout", "source": "152d7bf8-0899-4cfc-a408-76e5b8f3ebbb-attachment.txt", "type": "text/plain"}], "parameters": [{"name": "browser_name", "value": "'chromium'"}], "start": 1702538218553, "stop": 1702538223561, "uuid": "f72d6b91-f23a-4328-922d-851bb01b485f", "historyId": "08bcaa8ec08523fc59774d0553186e84", "testCaseId": "768577f8f683dd70e8924d96e1b18e54", "fullName": "code.file_upload.FileDownload03#test_main_navigation", "labels": [{"name": "parentSuite", "value": "code.file_upload"}, {"name": "suite", "value": "FileDownload03"}, {"name": "host", "value": "MBP-C02DRR20MD6M"}, {"name": "thread", "value": "84227-MainThread"}, {"name": "framework", "value": "pytest"}, {"name": "language", "value": "cpython3"}, {"name": "package", "value": "code.file_upload.FileDownload03"}]}