{"name": "test_trace_viewer[chromium]", "status": "failed", "statusDetails": {"message": "AssertionError: Page URL expected to be 'http://courses.thetestingacademy.com/'\nActual value: https://courses.thetestingacademy.com/ \nCall log:\nPageAssertions.to_have_url with timeout 5000ms\nwaiting for locator(\":root\")\n  locator resolved to <html>…</html>\n  unexpected value \"https://courses.thetestingacademy.com/\"\n  locator resolved to <html>…</html>\n  unexpected value \"https://courses.thetestingacademy.com/\"\n  locator resolved to <html>…</html>\n  unexpected value \"https://courses.thetestingacademy.com/\"\n  locator resolved to <html>…</html>\n  unexpected value \"https://courses.thetestingacademy.com/\"\n  locator resolved to <html>…</html>\n  unexpected value \"https://courses.thetestingacademy.com/\"\n  locator resolved to <html>…</html>\n  unexpected value \"https://courses.thetestingacademy.com/\"\n  locator resolved to <html>…</html>\n  unexpected value \"https://courses.thetestingacademy.com/\"\n  locator resolved to <html>…</html>\n  unexpected value \"https://courses.thetestingacademy.com/\"\n  locator resolved to <html>…</html>\n  unexpected value \"https://courses.thetestingacademy.com/\"", "trace": "page = <Page url='https://courses.thetestingacademy.com/'>\n\n    def test_trace_viewer(page: Page):\n        # Assertions use the expect API.\n>       expect(page).to_have_url(\"http://courses.thetestingacademy.com/\")\nE       AssertionError: Page URL expected to be 'http://courses.thetestingacademy.com/'\nE       Actual value: https://courses.thetestingacademy.com/ \nE       Call log:\nE       PageAssertions.to_have_url with timeout 5000ms\nE       waiting for locator(\":root\")\nE         locator resolved to <html>…</html>\nE         unexpected value \"https://courses.thetestingacademy.com/\"\nE         locator resolved to <html>…</html>\nE         unexpected value \"https://courses.thetestingacademy.com/\"\nE         locator resolved to <html>…</html>\nE         unexpected value \"https://courses.thetestingacademy.com/\"\nE         locator resolved to <html>…</html>\nE         unexpected value \"https://courses.thetestingacademy.com/\"\nE         locator resolved to <html>…</html>\nE         unexpected value \"https://courses.thetestingacademy.com/\"\nE         locator resolved to <html>…</html>\nE         unexpected value \"https://courses.thetestingacademy.com/\"\nE         locator resolved to <html>…</html>\nE         unexpected value \"https://courses.thetestingacademy.com/\"\nE         locator resolved to <html>…</html>\nE         unexpected value \"https://courses.thetestingacademy.com/\"\nE         locator resolved to <html>…</html>\nE         unexpected value \"https://courses.thetestingacademy.com/\"\n\ntest_trave_viewer.py:21: AssertionError"}, "attachments": [{"name": "stdout", "source": "e7617ddd-82ad-458f-80b0-7711c4b54af6-attachment.txt", "type": "text/plain"}], "parameters": [{"name": "browser_name", "value": "'chromium'"}], "start": 1702032434288, "stop": 1702032439302, "uuid": "4994babe-b7e7-4df7-a2c2-82dead957111", "historyId": "03114e689853f701a7d2bad5b258f210", "testCaseId": "bede13fff11b86db1013dfa9083b53cb", "fullName": "code.trace_viewer.test_trave_viewer#test_trace_viewer", "labels": [{"name": "parentSuite", "value": "code.trace_viewer"}, {"name": "suite", "value": "test_trave_viewer"}, {"name": "host", "value": "MBP-C02DRR20MD6M"}, {"name": "thread", "value": "48721-MainThread"}, {"name": "framework", "value": "pytest"}, {"name": "language", "value": "cpython3"}, {"name": "package", "value": "code.trace_viewer.test_trave_viewer"}]}