{"name": "test_execute_javascript", "status": "failed", "statusDetails": {"message": "AssertionError: Title does not match\nassert 'TheTestingAcademy | Learn Software Testing and Automation Testing' == 'Example Domain'\n  - Example Domain\n  + TheTestingAcademy | Learn Software Testing and Automation Testing", "trace": "self = <test_js.TestJavaScriptExecution object at 0x1070e8310>\n\n    def test_execute_javascript(self):\n        self.page.goto('https://thetestingacademy.com/')\n    \n        # Example of executing JavaScript to get the document's title\n        title = self.page.evaluate(\"() => document.title\")\n>       assert title == \"Example Domain\", \"Title does not match\"\nE       AssertionError: Title does not match\nE       assert 'TheTestingAcademy | Learn Software Testing and Automation Testing' == 'Example Domain'\nE         - Example Domain\nE         + TheTestingAcademy | Learn Software Testing and Automation Testing\n\ntest_js.py:23: AssertionError"}, "start": 1702616924379, "stop": 1702616938298, "uuid": "6d824a1d-f73a-4abb-85f4-d0fe693cc87a", "historyId": "cf705222e359c156cb8f4c876e28416b", "testCaseId": "cf705222e359c156cb8f4c876e28416b", "fullName": "code.javascript_execute.test_js.TestJavaScriptExecution#test_execute_javascript", "labels": [{"name": "tag", "value": "@pytest.mark.usefixtures('browser_context')"}, {"name": "parentSuite", "value": "code.javascript_execute"}, {"name": "suite", "value": "test_js"}, {"name": "subSuite", "value": "TestJavaScriptExecution"}, {"name": "host", "value": "MBP-C02DRR20MD6M"}, {"name": "thread", "value": "12409-MainThread"}, {"name": "framework", "value": "pytest"}, {"name": "language", "value": "cpython3"}, {"name": "package", "value": "code.javascript_execute.test_js"}]}